<?xml version="1.0" encoding="UTF-8"?>
<!-- Generated by org.testng.reporters.JUnitXMLReporter -->
<testsuite ignored="2" hostname="Rashmi" failures="3" tests="3" name="LoginTests" time="208.803" errors="0" timestamp="2026-09-11T15:43:08 IST">
  <testcase classname="com.ricepot.tests.ValidLoginTest" name="validLogin" time="45.822">
    <failure type="java.lang.RuntimeException" message="Failed to enter password">
      <![CDATA[java.lang.RuntimeException: Failed to enter password
at com.ricepot.pages.LoginPage.enterPassword(LoginPage.java:57)
at com.ricepot.tests.ValidLoginTest.validLogin(ValidLoginTest.java:17)
at java.base/java.util.ArrayList.forEach(ArrayList.java:1511)
Caused by: org.openqa.selenium.TimeoutException: None of the provided xpaths became visible
Build info: version: '4.11.0', revision: '040bc5406b'
System info: os.name: 'Windows 11', os.arch: 'amd64', os.version: '10.0', java.version: '17.0.8'
Driver info: driver.version: unknown
at com.ricepot.utils.WaitUtils.waitForAnyVisible(WaitUtils.java:45)
at com.ricepot.pages.LoginPage.enterPassword(LoginPage.java:50)
... 33 more
... Removed 31 stack frames]]>
    </failure>
  </testcase> <!-- validLogin -->
  <testcase classname="com.ricepot.tests.InvalidLoginTest" name="emptyFields" time="77.259">
    <failure type="java.lang.RuntimeException" message="Failed to enter username">
      <![CDATA[java.lang.RuntimeException: Failed to enter username
at com.ricepot.pages.LoginPage.enterUsername(LoginPage.java:44)
at com.ricepot.tests.InvalidLoginTest.emptyFields(InvalidLoginTest.java:28)
at java.base/java.util.ArrayList.forEach(ArrayList.java:1511)
Caused by: org.openqa.selenium.TimeoutException: None of the provided xpaths became visible
Build info: version: '4.11.0', revision: '040bc5406b'
System info: os.name: 'Windows 11', os.arch: 'amd64', os.version: '10.0', java.version: '17.0.8'
Driver info: driver.version: unknown
at com.ricepot.utils.WaitUtils.waitForAnyVisible(WaitUtils.java:45)
at com.ricepot.pages.LoginPage.enterUsername(LoginPage.java:35)
... 33 more
... Removed 31 stack frames]]>
    </failure>
  </testcase> <!-- emptyFields -->
  <testcase classname="com.ricepot.tests.InvalidLoginTest" name="invalidCredentials" time="77.45">
    <failure type="java.lang.RuntimeException" message="Failed to enter username">
      <![CDATA[java.lang.RuntimeException: Failed to enter username
at com.ricepot.pages.LoginPage.enterUsername(LoginPage.java:44)
at com.ricepot.tests.InvalidLoginTest.invalidCredentials(InvalidLoginTest.java:14)
at java.base/java.util.ArrayList.forEach(ArrayList.java:1511)
Caused by: org.openqa.selenium.TimeoutException: None of the provided xpaths became visible
Build info: version: '4.11.0', revision: '040bc5406b'
System info: os.name: 'Windows 11', os.arch: 'amd64', os.version: '10.0', java.version: '17.0.8'
Driver info: driver.version: unknown
at com.ricepot.utils.WaitUtils.waitForAnyVisible(WaitUtils.java:45)
at com.ricepot.pages.LoginPage.enterUsername(LoginPage.java:35)
... 33 more
... Removed 31 stack frames]]>
    </failure>
  </testcase> <!-- invalidCredentials -->
  <testcase classname="com.ricepot.base.BaseTest" name="@BeforeTest beforeTest" time="0.0">
    <ignored/>
  </testcase> <!-- @BeforeTest beforeTest -->
  <testcase classname="com.ricepot.base.BaseTest" name="@AfterTest afterTest" time="0.0">
    <ignored/>
  </testcase> <!-- @AfterTest afterTest -->
</testsuite> <!-- LoginTests -->
